Determining if the pthread_create exist failed with the following output:
Change Dir: /home/user/git/pfms-2019a-Johnson15177/quizzes/quiz5/b/build/CMakeFiles/CMakeTmp

Run Build Command:"/usr/bin/make" "cmTC_439fe/fast"
/usr/bin/make -f CMakeFiles/cmTC_439fe.dir/build.make CMakeFiles/cmTC_439fe.dir/build
make[1]: Entering directory '/home/user/git/pfms-2019a-Johnson15177/quizzes/quiz5/b/build/CMakeFiles/CMakeTmp'
Building C object CMakeFiles/cmTC_439fe.dir/CheckSymbolExists.c.o
/usr/bin/cc     -o CMakeFiles/cmTC_439fe.dir/CheckSymbolExists.c.o   -c /home/user/git/pfms-2019a-Johnson15177/quizzes/quiz5/b/build/CMakeFiles/CMakeTmp/CheckSymbolExists.c
Linking C executable cmTC_439fe
/usr/bin/cmake -E cmake_link_script CMakeFiles/cmTC_439fe.dir/link.txt --verbose=1
/usr/bin/cc       CMakeFiles/cmTC_439fe.dir/CheckSymbolExists.c.o  -o cmTC_439fe -rdynamic 
CMakeFiles/cmTC_439fe.dir/CheckSymbolExists.c.o: In function `main':
CheckSymbolExists.c:(.text+0x16): undefined reference to `pthread_create'
collect2: error: ld returned 1 exit status
CMakeFiles/cmTC_439fe.dir/build.make:97: recipe for target 'cmTC_439fe' failed
make[1]: *** [cmTC_439fe] Error 1
make[1]: Leaving directory '/home/user/git/pfms-2019a-Johnson15177/quizzes/quiz5/b/build/CMakeFiles/CMakeTmp'
Makefile:126: recipe for target 'cmTC_439fe/fast' failed
make: *** [cmTC_439fe/fast] Error 2

File /home/user/git/pfms-2019a-Johnson15177/quizzes/quiz5/b/build/CMakeFiles/CMakeTmp/CheckSymbolExists.c:
/* */
#include <pthread.h>

int main(int argc, char** argv)
{
  (void)argv;
#ifndef pthread_create
  return ((int*)(&pthread_create))[argc];
#else
  (void)argc;
  return 0;
#endif
}

Determining if the function pthread_create exists in the pthreads failed with the following output:
Change Dir: /home/user/git/pfms-2019a-Johnson15177/quizzes/quiz5/b/build/CMakeFiles/CMakeTmp

Run Build Command:"/usr/bin/make" "cmTC_82ecd/fast"
/usr/bin/make -f CMakeFiles/cmTC_82ecd.dir/build.make CMakeFiles/cmTC_82ecd.dir/build
make[1]: Entering directory '/home/user/git/pfms-2019a-Johnson15177/quizzes/quiz5/b/build/CMakeFiles/CMakeTmp'
Building C object CMakeFiles/cmTC_82ecd.dir/CheckFunctionExists.c.o
/usr/bin/cc    -DCHECK_FUNCTION_EXISTS=pthread_create   -o CMakeFiles/cmTC_82ecd.dir/CheckFunctionExists.c.o   -c /usr/share/cmake-3.5/Modules/CheckFunctionExists.c
Linking C executable cmTC_82ecd
/usr/bin/cmake -E cmake_link_script CMakeFiles/cmTC_82ecd.dir/link.txt --verbose=1
/usr/bin/cc   -DCHECK_FUNCTION_EXISTS=pthread_create    CMakeFiles/cmTC_82ecd.dir/CheckFunctionExists.c.o  -o cmTC_82ecd -rdynamic -lpthreads 
/usr/bin/ld: cannot find -lpthreads
collect2: error: ld returned 1 exit status
CMakeFiles/cmTC_82ecd.dir/build.make:97: recipe for target 'cmTC_82ecd' failed
make[1]: *** [cmTC_82ecd] Error 1
make[1]: Leaving directory '/home/user/git/pfms-2019a-Johnson15177/quizzes/quiz5/b/build/CMakeFiles/CMakeTmp'
Makefile:126: recipe for target 'cmTC_82ecd/fast' failed
make: *** [cmTC_82ecd/fast] Error 2


