Determining if the pthread_create exist failed with the following output:
Change Dir: /home/user/git/pfms-2019a-Johnson15177/scratch/assignment/a3/attempt/build/CMakeFiles/CMakeTmp

Run Build Command:"/usr/bin/make" "cmTC_d0252/fast"
/usr/bin/make -f CMakeFiles/cmTC_d0252.dir/build.make CMakeFiles/cmTC_d0252.dir/build
make[1]: Entering directory '/home/user/git/pfms-2019a-Johnson15177/scratch/assignment/a3/attempt/build/CMakeFiles/CMakeTmp'
Building C object CMakeFiles/cmTC_d0252.dir/CheckSymbolExists.c.o
/usr/bin/cc     -o CMakeFiles/cmTC_d0252.dir/CheckSymbolExists.c.o   -c /home/user/git/pfms-2019a-Johnson15177/scratch/assignment/a3/attempt/build/CMakeFiles/CMakeTmp/CheckSymbolExists.c
Linking C executable cmTC_d0252
/usr/bin/cmake -E cmake_link_script CMakeFiles/cmTC_d0252.dir/link.txt --verbose=1
/usr/bin/cc       CMakeFiles/cmTC_d0252.dir/CheckSymbolExists.c.o  -o cmTC_d0252 -rdynamic 
CMakeFiles/cmTC_d0252.dir/CheckSymbolExists.c.o: In function `main':
CheckSymbolExists.c:(.text+0x16): undefined reference to `pthread_create'
collect2: error: ld returned 1 exit status
CMakeFiles/cmTC_d0252.dir/build.make:97: recipe for target 'cmTC_d0252' failed
make[1]: *** [cmTC_d0252] Error 1
make[1]: Leaving directory '/home/user/git/pfms-2019a-Johnson15177/scratch/assignment/a3/attempt/build/CMakeFiles/CMakeTmp'
Makefile:126: recipe for target 'cmTC_d0252/fast' failed
make: *** [cmTC_d0252/fast] Error 2

File /home/user/git/pfms-2019a-Johnson15177/scratch/assignment/a3/attempt/build/CMakeFiles/CMakeTmp/CheckSymbolExists.c:
/* */
#include <pthread.h>

int main(int argc, char** argv)
{
  (void)argv;
#ifndef pthread_create
  return ((int*)(&pthread_create))[argc];
#else
  (void)argc;
  return 0;
#endif
}

Determining if the function pthread_create exists in the pthreads failed with the following output:
Change Dir: /home/user/git/pfms-2019a-Johnson15177/scratch/assignment/a3/attempt/build/CMakeFiles/CMakeTmp

Run Build Command:"/usr/bin/make" "cmTC_e0edd/fast"
/usr/bin/make -f CMakeFiles/cmTC_e0edd.dir/build.make CMakeFiles/cmTC_e0edd.dir/build
make[1]: Entering directory '/home/user/git/pfms-2019a-Johnson15177/scratch/assignment/a3/attempt/build/CMakeFiles/CMakeTmp'
Building C object CMakeFiles/cmTC_e0edd.dir/CheckFunctionExists.c.o
/usr/bin/cc    -DCHECK_FUNCTION_EXISTS=pthread_create   -o CMakeFiles/cmTC_e0edd.dir/CheckFunctionExists.c.o   -c /usr/share/cmake-3.5/Modules/CheckFunctionExists.c
Linking C executable cmTC_e0edd
/usr/bin/cmake -E cmake_link_script CMakeFiles/cmTC_e0edd.dir/link.txt --verbose=1
/usr/bin/cc   -DCHECK_FUNCTION_EXISTS=pthread_create    CMakeFiles/cmTC_e0edd.dir/CheckFunctionExists.c.o  -o cmTC_e0edd -rdynamic -lpthreads 
/usr/bin/ld: cannot find -lpthreads
collect2: error: ld returned 1 exit status
CMakeFiles/cmTC_e0edd.dir/build.make:97: recipe for target 'cmTC_e0edd' failed
make[1]: *** [cmTC_e0edd] Error 1
make[1]: Leaving directory '/home/user/git/pfms-2019a-Johnson15177/scratch/assignment/a3/attempt/build/CMakeFiles/CMakeTmp'
Makefile:126: recipe for target 'cmTC_e0edd/fast' failed
make: *** [cmTC_e0edd/fast] Error 2


