Determining if the pthread_create exist failed with the following output:
Change Dir: /home/user/Documents/PMS/pfms-2019a-jeffviray/quizzes/quiz6/a/build/CMakeFiles/CMakeTmp

Run Build Command:"/usr/bin/make" "cmTC_7e1f2/fast"
/usr/bin/make -f CMakeFiles/cmTC_7e1f2.dir/build.make CMakeFiles/cmTC_7e1f2.dir/build
make[1]: Entering directory '/home/user/Documents/PMS/pfms-2019a-jeffviray/quizzes/quiz6/a/build/CMakeFiles/CMakeTmp'
Building C object CMakeFiles/cmTC_7e1f2.dir/CheckSymbolExists.c.o
/usr/bin/cc     -o CMakeFiles/cmTC_7e1f2.dir/CheckSymbolExists.c.o   -c /home/user/Documents/PMS/pfms-2019a-jeffviray/quizzes/quiz6/a/build/CMakeFiles/CMakeTmp/CheckSymbolExists.c
Linking C executable cmTC_7e1f2
/usr/bin/cmake -E cmake_link_script CMakeFiles/cmTC_7e1f2.dir/link.txt --verbose=1
/usr/bin/cc       CMakeFiles/cmTC_7e1f2.dir/CheckSymbolExists.c.o  -o cmTC_7e1f2 -rdynamic 
CMakeFiles/cmTC_7e1f2.dir/CheckSymbolExists.c.o: In function `main':
CheckSymbolExists.c:(.text+0x16): undefined reference to `pthread_create'
collect2: error: ld returned 1 exit status
CMakeFiles/cmTC_7e1f2.dir/build.make:97: recipe for target 'cmTC_7e1f2' failed
make[1]: *** [cmTC_7e1f2] Error 1
make[1]: Leaving directory '/home/user/Documents/PMS/pfms-2019a-jeffviray/quizzes/quiz6/a/build/CMakeFiles/CMakeTmp'
Makefile:126: recipe for target 'cmTC_7e1f2/fast' failed
make: *** [cmTC_7e1f2/fast] Error 2

File /home/user/Documents/PMS/pfms-2019a-jeffviray/quizzes/quiz6/a/build/CMakeFiles/CMakeTmp/CheckSymbolExists.c:
/* */
#include <pthread.h>

int main(int argc, char** argv)
{
  (void)argv;
#ifndef pthread_create
  return ((int*)(&pthread_create))[argc];
#else
  (void)argc;
  return 0;
#endif
}

Determining if the function pthread_create exists in the pthreads failed with the following output:
Change Dir: /home/user/Documents/PMS/pfms-2019a-jeffviray/quizzes/quiz6/a/build/CMakeFiles/CMakeTmp

Run Build Command:"/usr/bin/make" "cmTC_0ff17/fast"
/usr/bin/make -f CMakeFiles/cmTC_0ff17.dir/build.make CMakeFiles/cmTC_0ff17.dir/build
make[1]: Entering directory '/home/user/Documents/PMS/pfms-2019a-jeffviray/quizzes/quiz6/a/build/CMakeFiles/CMakeTmp'
Building C object CMakeFiles/cmTC_0ff17.dir/CheckFunctionExists.c.o
/usr/bin/cc    -DCHECK_FUNCTION_EXISTS=pthread_create   -o CMakeFiles/cmTC_0ff17.dir/CheckFunctionExists.c.o   -c /usr/share/cmake-3.5/Modules/CheckFunctionExists.c
Linking C executable cmTC_0ff17
/usr/bin/cmake -E cmake_link_script CMakeFiles/cmTC_0ff17.dir/link.txt --verbose=1
/usr/bin/cc   -DCHECK_FUNCTION_EXISTS=pthread_create    CMakeFiles/cmTC_0ff17.dir/CheckFunctionExists.c.o  -o cmTC_0ff17 -rdynamic -lpthreads 
/usr/bin/ld: cannot find -lpthreads
collect2: error: ld returned 1 exit status
CMakeFiles/cmTC_0ff17.dir/build.make:97: recipe for target 'cmTC_0ff17' failed
make[1]: *** [cmTC_0ff17] Error 1
make[1]: Leaving directory '/home/user/Documents/PMS/pfms-2019a-jeffviray/quizzes/quiz6/a/build/CMakeFiles/CMakeTmp'
Makefile:126: recipe for target 'cmTC_0ff17/fast' failed
make: *** [cmTC_0ff17/fast] Error 2


