Determining if the pthread_create exist failed with the following output:
Change Dir: /home/user/git/pfms-2019a-Johnson15177/quizzes/quiz3/c/build/CMakeFiles/CMakeTmp

Run Build Command:"/usr/bin/make" "cmTC_87e48/fast"
/usr/bin/make -f CMakeFiles/cmTC_87e48.dir/build.make CMakeFiles/cmTC_87e48.dir/build
make[1]: Entering directory '/home/user/git/pfms-2019a-Johnson15177/quizzes/quiz3/c/build/CMakeFiles/CMakeTmp'
Building C object CMakeFiles/cmTC_87e48.dir/CheckSymbolExists.c.o
/usr/bin/cc     -o CMakeFiles/cmTC_87e48.dir/CheckSymbolExists.c.o   -c /home/user/git/pfms-2019a-Johnson15177/quizzes/quiz3/c/build/CMakeFiles/CMakeTmp/CheckSymbolExists.c
Linking C executable cmTC_87e48
/usr/bin/cmake -E cmake_link_script CMakeFiles/cmTC_87e48.dir/link.txt --verbose=1
/usr/bin/cc       CMakeFiles/cmTC_87e48.dir/CheckSymbolExists.c.o  -o cmTC_87e48 -rdynamic 
CMakeFiles/cmTC_87e48.dir/CheckSymbolExists.c.o: In function `main':
CheckSymbolExists.c:(.text+0x16): undefined reference to `pthread_create'
collect2: error: ld returned 1 exit status
CMakeFiles/cmTC_87e48.dir/build.make:97: recipe for target 'cmTC_87e48' failed
make[1]: *** [cmTC_87e48] Error 1
make[1]: Leaving directory '/home/user/git/pfms-2019a-Johnson15177/quizzes/quiz3/c/build/CMakeFiles/CMakeTmp'
Makefile:126: recipe for target 'cmTC_87e48/fast' failed
make: *** [cmTC_87e48/fast] Error 2

File /home/user/git/pfms-2019a-Johnson15177/quizzes/quiz3/c/build/CMakeFiles/CMakeTmp/CheckSymbolExists.c:
/* */
#include <pthread.h>

int main(int argc, char** argv)
{
  (void)argv;
#ifndef pthread_create
  return ((int*)(&pthread_create))[argc];
#else
  (void)argc;
  return 0;
#endif
}

Determining if the function pthread_create exists in the pthreads failed with the following output:
Change Dir: /home/user/git/pfms-2019a-Johnson15177/quizzes/quiz3/c/build/CMakeFiles/CMakeTmp

Run Build Command:"/usr/bin/make" "cmTC_8e3dd/fast"
/usr/bin/make -f CMakeFiles/cmTC_8e3dd.dir/build.make CMakeFiles/cmTC_8e3dd.dir/build
make[1]: Entering directory '/home/user/git/pfms-2019a-Johnson15177/quizzes/quiz3/c/build/CMakeFiles/CMakeTmp'
Building C object CMakeFiles/cmTC_8e3dd.dir/CheckFunctionExists.c.o
/usr/bin/cc    -DCHECK_FUNCTION_EXISTS=pthread_create   -o CMakeFiles/cmTC_8e3dd.dir/CheckFunctionExists.c.o   -c /usr/share/cmake-3.5/Modules/CheckFunctionExists.c
Linking C executable cmTC_8e3dd
/usr/bin/cmake -E cmake_link_script CMakeFiles/cmTC_8e3dd.dir/link.txt --verbose=1
/usr/bin/cc   -DCHECK_FUNCTION_EXISTS=pthread_create    CMakeFiles/cmTC_8e3dd.dir/CheckFunctionExists.c.o  -o cmTC_8e3dd -rdynamic -lpthreads 
/usr/bin/ld: cannot find -lpthreads
collect2: error: ld returned 1 exit status
CMakeFiles/cmTC_8e3dd.dir/build.make:97: recipe for target 'cmTC_8e3dd' failed
make[1]: *** [cmTC_8e3dd] Error 1
make[1]: Leaving directory '/home/user/git/pfms-2019a-Johnson15177/quizzes/quiz3/c/build/CMakeFiles/CMakeTmp'
Makefile:126: recipe for target 'cmTC_8e3dd/fast' failed
make: *** [cmTC_8e3dd/fast] Error 2


